Arguments: 
  /usr/local/Cellar/node/17.5.0/bin/node /usr/local/Cellar/yarn/1.22.17_2/libexec/bin/yarn.js install

PATH: 
  /usr/local/bin:/usr/bin:/bin:/usr/sbin:/sbin:/Library/Apple/usr/bin:/Users/apple/.rvm/bin:/Users/apple/.rvm/bin

Yarn version: 
  1.22.17

Node version: 
  17.5.0

Platform: 
  darwin x64

Trace: 
  Error: https://registry.yarnpkg.com/@redux-saga/core/-/core-1.1.3.tgz: Request failed "404 Not Found"
      at ResponseError.ExtendableBuiltin (/usr/local/Cellar/yarn/1.22.17_2/libexec/lib/cli.js:696:66)
      at new ResponseError (/usr/local/Cellar/yarn/1.22.17_2/libexec/lib/cli.js:802:124)
      at Request.<anonymous> (/usr/local/Cellar/yarn/1.22.17_2/libexec/lib/cli.js:67099:16)
      at Request.emit (node:events:526:28)
      at Request.module.exports.Request.onRequestResponse (/usr/local/Cellar/yarn/1.22.17_2/libexec/lib/cli.js:141760:10)
      at ClientRequest.emit (node:events:526:28)
      at HTTPParser.parserOnIncomingClient (node:_http_client:618:27)
      at HTTPParser.parserOnHeadersComplete (node:_http_common:128:17)
      at HTTPParser.execute (<anonymous>)
      at TLSSocket.socketOnData (node:_http_client:482:22)

npm manifest: 
  {
    "name": "DCVCard",
    "version": "0.0.1",
    "private": true,
    "scripts": {
      "android": "react-native run-android",
      "ios": "react-native run-ios",
      "start": "react-native start",
      "test": "jest",
      "lint": "eslint ."
    },
    "dependencies": {
      "@react-native-community/async-storage": "^1.12.1",
      "@react-native-community/masked-view": "^0.1.11",
      "@react-native-community/slider": "^3.0.3",
      "@react-native-firebase/app": "^12.3.0",
      "@react-native-firebase/messaging": "^12.1.0",
      "@react-navigation/bottom-tabs": "^5.11.10",
      "@react-navigation/material-top-tabs": "^5.3.15",
      "@react-navigation/native": "^6.0.8",
      "@react-navigation/stack": "^5.14.4",
      "add": "^2.0.6",
      "axios": "^0.21.1",
      "date-fns": "^2.28.0",
      "formik": "^2.2.9",
      "lodash": "^4.17.21",
      "moment": "^2.29.1",
      "react": "17.0.2",
      "react-hook-form": "^7.12.0",
      "react-native": "0.64.2",
      "react-native-autocomplete-input": "^5.0.2",
      "react-native-calendars": "^1.1260.0",
      "react-native-confirmation-code-field": "^7.1.0",
      "react-native-datepicker": "^1.7.2",
      "react-native-dropdown-picker": "^5.1.14",
      "react-native-dropdownalert": "^4.3.0",
      "react-native-elements": "^3.4.1",
      "react-native-gesture-handler": "^2.2.0",
      "react-native-i18n": "^2.0.15",
      "react-native-image-crop-picker": "^0.36.2",
      "react-native-indicators": "^0.17.0",
      "react-native-keyboard-aware-scroll-view": "^0.9.5",
      "react-native-linear-gradient": "^2.5.6",
      "react-native-material-textfield": "^0.16.1",
      "react-native-modal": "^12.0.2",
      "react-native-modal-dropdown": "^1.0.2",
      "react-native-modalbox": "^2.0.2",
      "react-native-paper": "^4.11.2",
      "react-native-progress": "^5.0.0",
      "react-native-ratings": "^8.0.4",
      "react-native-reanimated": "^2.4.1",
      "react-native-safe-area-context": "^3.3.2",
      "react-native-screens": "^3.10.2",
      "react-native-simple-radio-button": "^2.7.4",
      "react-native-swipeout": "^2.3.6",
      "react-native-swiper": "^1.6.0",
      "react-native-tab-view": "^3.0.1",
      "react-native-vector-icons": "^8.1.0",
      "react-number-format": "^4.9.1",
      "react-redux": "^7.2.4",
      "redux": "^4.1.0",
      "redux-saga": "^1.1.3"
    },
    "devDependencies": {
      "@babel/core": "^7.14.6",
      "@babel/runtime": "^7.14.6",
      "@react-native-community/eslint-config": "^3.0.0",
      "babel-jest": "^27.0.6",
      "eslint": "^7.31.0",
      "jest": "^27.0.6",
      "metro-react-native-babel-preset": "^0.66.1",
      "react-test-renderer": "17.0.1"
    },
    "jest": {
      "preset": "react-native"
    }
  }

yarn manifest: 
  No manifest

Lockfile: 
  No lockfile
